#
# There is insufficient memory for the Java Runtime Environment to continue.
# Native memory allocation (malloc) failed to allocate 4088 bytes for AllocateHeap
# Possible reasons:
#   The system is out of physical RAM or swap space
#   In 32 bit mode, the process size limit was hit
# Possible solutions:
#   Reduce memory load on the system
#   Increase physical memory or swap space
#   Check if swap backing store is full
#   Use 64 bit Java on a 64 bit OS
#   Decrease Java heap size (-Xmx/-Xms)
#   Decrease number of Java threads
#   Decrease Java thread stack sizes (-Xss)
#   Set larger code cache with -XX:ReservedCodeCacheSize=
# This output file may be truncated or incomplete.
#
#  Out of Memory Error (memory/allocation.inline.hpp:61), pid=1056, tid=0x0000000000001920
#
# JRE version: Java(TM) SE Runtime Environment (8.0_161-b12) (build 1.8.0_161-b12)
# Java VM: Java HotSpot(TM) 64-Bit Server VM (25.161-b12 mixed mode windows-amd64 compressed oops)
# Failed to write core dump. Minidumps are not enabled by default on client versions of Windows
#

---------------  T H R E A D  ---------------

Current thread (0x000000000303b000):  JavaThread "main" [_thread_in_vm, id=6432, stack(0x0000000002ff0000,0x0000000003030000)]

Stack: [0x0000000002ff0000,0x0000000003030000]
[error occurred during error reporting (printing stack bounds), id 0xc0000005]

Native frames: (J=compiled Java code, j=interpreted, Vv=VM code, C=native code)

Java frames: (J=compiled Java code, j=interpreted, Vv=VM code)
J 2695  java.lang.Class.getDeclaredMethods0(Z)[Ljava/lang/reflect/Method; (0 bytes) @ 0x000000000383f97b [0x000000000383f940+0x3b]
J 772 C1 java.lang.Class.privateGetDeclaredMethods(Z)[Ljava/lang/reflect/Method; (67 bytes) @ 0x00000000034c8844 [0x00000000034c8740+0x104]
J 1951 C1 org.springframework.core.annotation.AnnotationUtils.getAttributeMethods(Ljava/lang/Class;)Ljava/util/List; (91 bytes) @ 0x00000000036b4674 [0x00000000036b4420+0x254]
J 2621 C1 org.springframework.core.annotation.AnnotationUtils.registerDefaultValues(Lorg/springframework/core/annotation/AnnotationAttributes;)V (179 bytes) @ 0x00000000038166cc [0x0000000003816660+0x6c]
J 2627 C1 org.springframework.core.type.classreading.RecursiveAnnotationAttributesVisitor.visitEnd()V (8 bytes) @ 0x0000000003819adc [0x0000000003819aa0+0x3c]
j  org.springframework.core.type.classreading.AnnotationAttributesReadingVisitor.visitEnd()V+1
J 2489 C1 org.springframework.asm.ClassReader.readElementValues(Lorg/springframework/asm/AnnotationVisitor;IZ[C)I (88 bytes) @ 0x00000000037a6014 [0x00000000037a5de0+0x234]
J 2713 C1 org.springframework.asm.ClassReader.accept(Lorg/springframework/asm/ClassVisitor;[Lorg/springframework/asm/Attribute;I)V (1250 bytes) @ 0x0000000003847674 [0x0000000003845420+0x2254]
j  org.springframework.asm.ClassReader.accept(Lorg/springframework/asm/ClassVisitor;I)V+7
j  org.springframework.core.type.classreading.SimpleMetadataReader.<init>(Lorg/springframework/core/io/Resource;Ljava/lang/ClassLoader;)V+90
J 2679 C1 org.springframework.boot.type.classreading.ConcurrentReferenceCachingMetadataReaderFactory.getMetadataReader(Lorg/springframework/core/io/Resource;)Lorg/springframework/core/type/classreading/MetadataReader; (38 bytes) @ 0x0000000003837784 [0x0000000003837660+0x124]
J 2641 C1 org.springframework.core.type.classreading.SimpleMetadataReaderFactory.getMetadataReader(Ljava/lang/String;)Lorg/springframework/core/type/classreading/MetadataReader; (156 bytes) @ 0x0000000003822834 [0x00000000038225e0+0x254]
J 2660 C1 org.springframework.context.annotation.ConfigurationClassParser.asSourceClass(Ljava/lang/String;)Lorg/springframework/context/annotation/ConfigurationClassParser$SourceClass; (99 bytes) @ 0x000000000382b21c [0x000000000382b080+0x19c]
j  org.springframework.context.annotation.ConfigurationClassParser.asSourceClasses([Ljava/lang/String;)Ljava/util/Collection;+36
j  org.springframework.context.annotation.ConfigurationClassParser.access$800(Lorg/springframework/context/annotation/ConfigurationClassParser;[Ljava/lang/String;)Ljava/util/Collection;+2
j  org.springframework.context.annotation.ConfigurationClassParser$DeferredImportSelectorGroupingHandler.lambda$processGroupImports$1(Lorg/springframework/context/annotation/DeferredImportSelector$Group$Entry;)V+45
j  org.springframework.context.annotation.ConfigurationClassParser$DeferredImportSelectorGroupingHandler$$Lambda$152.accept(Ljava/lang/Object;)V+8
j  java.util.ArrayList.forEach(Ljava/util/function/Consumer;)V+47
j  org.springframework.context.annotation.ConfigurationClassParser$DeferredImportSelectorGroupingHandler.processGroupImports()V+44
j  org.springframework.context.annotation.ConfigurationClassParser$DeferredImportSelectorHandler.process()V+54
j  org.springframework.context.annotation.ConfigurationClassParser.parse(Ljava/util/Set;)V+171
j  org.springframework.context.annotation.ConfigurationClassPostProcessor.processConfigBeanDefinitions(Lorg/springframework/beans/factory/support/BeanDefinitionRegistry;)V+298
j  org.springframework.context.annotation.ConfigurationClassPostProcessor.postProcessBeanDefinitionRegistry(Lorg/springframework/beans/factory/support/BeanDefinitionRegistry;)V+107
j  org.springframework.context.support.PostProcessorRegistrationDelegate.invokeBeanDefinitionRegistryPostProcessors(Ljava/util/Collection;Lorg/springframework/beans/factory/support/BeanDefinitionRegistry;)V+28
j  org.springframework.context.support.PostProcessorRegistrationDelegate.invokeBeanFactoryPostProcessors(Lorg/springframework/beans/factory/config/ConfigurableListableBeanFactory;Ljava/util/List;)V+229
j  org.springframework.context.support.AbstractApplicationContext.invokeBeanFactoryPostProcessors(Lorg/springframework/beans/factory/config/ConfigurableListableBeanFactory;)V+5
j  org.springframework.context.support.AbstractApplicationContext.refresh()V+28
j  org.springframework.boot.web.servlet.context.ServletWebServerApplicationContext.refresh()V+1
j  org.springframework.boot.SpringApplication.refresh(Lorg/springframework/context/ApplicationContext;)V+10
j  org.springframework.boot.SpringApplication.refreshContext(Lorg/springframework/context/ConfigurableApplicationContext;)V+2
j  org.springframework.boot.SpringApplication.run([Ljava/lang/String;)Lorg/springframework/context/ConfigurableApplicationContext;+118
j  org.springframework.boot.SpringApplication.run([Ljava/lang/Class;[Ljava/lang/String;)Lorg/springframework/context/ConfigurableApplicationContext;+9
j  org.springframework.boot.SpringApplication.run(Ljava/lang/Class;[Ljava/lang/String;)Lorg/springframework/context/ConfigurableApplicationContext;+9
j  com.kunlun.center.RegisterApplication.main([Ljava/lang/String;)V+3
v  ~StubRoutines::call_stub

---------------  P R O C E S S  ---------------

Java Threads: ( => current thread )
  0x0000000017322800 JavaThread "logback-3" daemon [_thread_blocked, id=2456, stack(0x0000000018bd0000,0x0000000018c10000)]
  0x0000000017710800 JavaThread "logback-2" daemon [_thread_blocked, id=8188, stack(0x0000000018590000,0x00000000185d0000)]
  0x000000001741c800 JavaThread "RMI Scheduler(0)" daemon [_thread_blocked, id=5684, stack(0x0000000018550000,0x0000000018590000)]
  0x00000000173b0000 JavaThread "RMI TCP Connection(1)-192.168.99.126" daemon [_thread_in_native, id=6320, stack(0x0000000018510000,0x0000000018550000)]
  0x0000000017226800 JavaThread "RMI TCP Accept-0" daemon [_thread_in_native, id=7832, stack(0x0000000018120000,0x0000000018160000)]
  0x0000000016bef000 JavaThread "Service Thread" daemon [_thread_blocked, id=2316, stack(0x00000000170f0000,0x0000000017130000)]
  0x0000000016bee800 JavaThread "C1 CompilerThread2" daemon [_thread_blocked, id=8004, stack(0x0000000016ff0000,0x00000000170f0000)]
  0x0000000016aed800 JavaThread "C2 CompilerThread1" daemon [_thread_blocked, id=8012, stack(0x0000000016ef0000,0x0000000016ff0000)]
  0x0000000016aea800 JavaThread "C2 CompilerThread0" daemon [_thread_blocked, id=5172, stack(0x0000000016df0000,0x0000000016ef0000)]
  0x0000000015e60000 JavaThread "JDWP Command Reader" daemon [_thread_in_native, id=3176, stack(0x00000000161b0000,0x00000000161f0000)]
  0x0000000015e5e800 JavaThread "JDWP Event Helper Thread" daemon [_thread_blocked, id=3588, stack(0x0000000016170000,0x00000000161b0000)]
  0x0000000015e51000 JavaThread "JDWP Transport Listener: dt_socket" daemon [_thread_blocked, id=3788, stack(0x0000000016130000,0x0000000016170000)]
  0x0000000015de7000 JavaThread "Attach Listener" daemon [_thread_blocked, id=2404, stack(0x00000000160f0000,0x0000000016130000)]
  0x0000000015de5800 JavaThread "Signal Dispatcher" daemon [_thread_blocked, id=7060, stack(0x00000000160b0000,0x00000000160f0000)]
  0x0000000015de5000 JavaThread "Surrogate Locker Thread (Concurrent GC)" daemon [_thread_blocked, id=8032, stack(0x0000000016070000,0x00000000160b0000)]
  0x0000000015dc0000 JavaThread "Finalizer" daemon [_thread_blocked, id=7368, stack(0x0000000015fc0000,0x0000000016000000)]
  0x0000000015d99000 JavaThread "Reference Handler" daemon [_thread_blocked, id=1688, stack(0x0000000015f80000,0x0000000015fc0000)]
=>0x000000000303b000 JavaThread "main" [_thread_in_vm, id=6432, stack(0x0000000002ff0000,0x0000000003030000)]

Other Threads:
  0x0000000015d8e800 VMThread [stack: 0x0000000015e80000,0x0000000015f80000] [id=8180]
  0x000000001722b800 WatcherThread [stack: 0x0000000018160000,0x0000000018260000] [id=6944]

VM state:not at safepoint (normal execution)

VM Mutex/Monitor currently owned by a thread:  ([mutex/lock_event])
[0x000000000303a530] MultiArray_lock - owner thread: 0x000000000303b000

Heap:
 par new generation   total 15360K, used 1410K [0x00000000fce00000, 0x00000000fdea0000, 0x00000000fdea0000)
  eden space 13696K,   3% used [0x00000000fce00000, 0x00000000fce7c3b0, 0x00000000fdb60000)
  from space 1664K,  54% used [0x00000000fdb60000, 0x00000000fdc44838, 0x00000000fdd00000)
  to   space 1664K,   0% used [0x00000000fdd00000, 0x00000000fdd00000, 0x00000000fdea0000)
 concurrent mark-sweep generation total 34176K, used 11091K [0x00000000fdea0000, 0x0000000100000000, 0x0000000100000000)
 Metaspace       used 27399K, capacity 28358K, committed 28540K, reserved 1073152K
  class space    used 3608K, capacity 3847K, committed 3964K, reserved 1048576K

Card table byte_map: [0x0000000003140000,0x0000000003160000] byte_map_base: 0x0000000002959000

Marking Bits: (CMSBitMap*) 0x00000000030993b8
 Bits: [0x0000000012e90000, 0x0000000012f15800)

Mod Union Table: (CMSBitMap*) 0x0000000003099478
 Bits: [0x0000000012f20000, 0x0000000012f22160)

Polling page: 0x0000000002c50000

CodeCache: size=245760Kb used=6081Kb max_used=6081Kb free=239678Kb
 bounds [0x0000000003270000, 0x0000000003870000, 0x0000000012270000]
 total_blobs=3136 nmethods=2717 adapters=339
 compilation: enabled

Compilation events (10 events):
Event: 37.016 Thread 0x0000000016bee800 2739       1       org.springframework.boot.autoconfigure.condition.ConditionMessage::andCondition (64 bytes)
Event: 37.017 Thread 0x0000000016bee800 nmethod 2739 0x000000000385e390 code [0x000000000385e560, 0x000000000385eb18]
Event: 37.022 Thread 0x0000000016bee800 2740       1       sun.net.www.protocol.jar.Handler::openConnection (10 bytes)
Event: 37.022 Thread 0x0000000016bee800 nmethod 2740 0x000000000385ef50 code [0x000000000385f0c0, 0x000000000385f328]
Event: 37.022 Thread 0x0000000016bee800 2741       1       sun.net.www.protocol.jar.JarURLConnection::<init> (33 bytes)
Event: 37.023 Thread 0x0000000016bee800 nmethod 2741 0x000000000385f4d0 code [0x000000000385f640, 0x000000000385f828]
Event: 37.023 Thread 0x0000000016bee800 2742       1       sun.net.www.protocol.jar.URLJarFile::getEntry (69 bytes)
Event: 37.025 Thread 0x0000000016bee800 nmethod 2742 0x000000000385f950 code [0x000000000385fb60, 0x0000000003860318]
Event: 37.025 Thread 0x0000000016bee800 2743       1       sun.net.www.protocol.jar.URLJarFile$URLJarFileEntry::<init> (16 bytes)
Event: 37.025 Thread 0x0000000016bee800 nmethod 2743 0x0000000003860890 code [0x00000000038609e0, 0x0000000003860ba8]

GC Heap History (10 events):
Event: 33.563 GC heap before
{Heap before GC invocations=21 (full 1):
 par new generation   total 15360K, used 14678K [0x00000000fce00000, 0x00000000fdea0000, 0x00000000fdea0000)
  eden space 13696K,  99% used [0x00000000fce00000, 0x00000000fdb5f0a8, 0x00000000fdb60000)
  from space 1664K,  59% used [0x00000000fdd00000, 0x00000000fddf67b0, 0x00000000fdea0000)
  to   space 1664K,   0% used [0x00000000fdb60000, 0x00000000fdb60000, 0x00000000fdd00000)
 concurrent mark-sweep generation total 34176K, used 8429K [0x00000000fdea0000, 0x0000000100000000, 0x0000000100000000)
 Metaspace       used 26218K, capacity 27188K, committed 27260K, reserved 1073152K
  class space    used 3471K, capacity 3702K, committed 3708K, reserved 1048576K
Event: 33.572 GC heap after
Heap after GC invocations=22 (full 1):
 par new generation   total 15360K, used 1588K [0x00000000fce00000, 0x00000000fdea0000, 0x00000000fdea0000)
  eden space 13696K,   0% used [0x00000000fce00000, 0x00000000fce00000, 0x00000000fdb60000)
  from space 1664K,  95% used [0x00000000fdb60000, 0x00000000fdced058, 0x00000000fdd00000)
  to   space 1664K,   0% used [0x00000000fdd00000, 0x00000000fdd00000, 0x00000000fdea0000)
 concurrent mark-sweep generation total 34176K, used 9162K [0x00000000fdea0000, 0x0000000100000000, 0x0000000100000000)
 Metaspace       used 26218K, capacity 27188K, committed 27260K, reserved 1073152K
  class space    used 3471K, capacity 3702K, committed 3708K, reserved 1048576K
}
Event: 34.970 GC heap before
{Heap before GC invocations=22 (full 1):
 par new generation   total 15360K, used 15284K [0x00000000fce00000, 0x00000000fdea0000, 0x00000000fdea0000)
  eden space 13696K, 100% used [0x00000000fce00000, 0x00000000fdb60000, 0x00000000fdb60000)
  from space 1664K,  95% used [0x00000000fdb60000, 0x00000000fdced058, 0x00000000fdd00000)
  to   space 1664K,   0% used [0x00000000fdd00000, 0x00000000fdd00000, 0x00000000fdea0000)
 concurrent mark-sweep generation total 34176K, used 9162K [0x00000000fdea0000, 0x0000000100000000, 0x0000000100000000)
 Metaspace       used 26754K, capacity 27732K, committed 27900K, reserved 1073152K
  class space    used 3503K, capacity 3734K, committed 3836K, reserved 1048576K
Event: 34.974 GC heap after
Heap after GC invocations=23 (full 1):
 par new generation   total 15360K, used 1159K [0x00000000fce00000, 0x00000000fdea0000, 0x00000000fdea0000)
  eden space 13696K,   0% used [0x00000000fce00000, 0x00000000fce00000, 0x00000000fdb60000)
  from space 1664K,  69% used [0x00000000fdd00000, 0x00000000fde21c10, 0x00000000fdea0000)
  to   space 1664K,   0% used [0x00000000fdb60000, 0x00000000fdb60000, 0x00000000fdd00000)
 concurrent mark-sweep generation total 34176K, used 10014K [0x00000000fdea0000, 0x0000000100000000, 0x0000000100000000)
 Metaspace       used 26754K, capacity 27732K, committed 27900K, reserved 1073152K
  class space    used 3503K, capacity 3734K, committed 3836K, reserved 1048576K
}
Event: 35.742 GC heap before
{Heap before GC invocations=23 (full 1):
 par new generation   total 15360K, used 14855K [0x00000000fce00000, 0x00000000fdea0000, 0x00000000fdea0000)
  eden space 13696K, 100% used [0x00000000fce00000, 0x00000000fdb60000, 0x00000000fdb60000)
  from space 1664K,  69% used [0x00000000fdd00000, 0x00000000fde21c10, 0x00000000fdea0000)
  to   space 1664K,   0% used [0x00000000fdb60000, 0x00000000fdb60000, 0x00000000fdd00000)
 concurrent mark-sweep generation total 34176K, used 10014K [0x00000000fdea0000, 0x0000000100000000, 0x0000000100000000)
 Metaspace       used 27014K, capacity 27990K, committed 28156K, reserved 1073152K
  class space    used 3543K, capacity 3775K, committed 3836K, reserved 1048576K
Event: 35.745 GC heap after
Heap after GC invocations=24 (full 1):
 par new generation   total 15360K, used 1018K [0x00000000fce00000, 0x00000000fdea0000, 0x00000000fdea0000)
  eden space 13696K,   0% used [0x00000000fce00000, 0x00000000fce00000, 0x00000000fdb60000)
  from space 1664K,  61% used [0x00000000fdb60000, 0x00000000fdc5e820, 0x00000000fdd00000)
  to   space 1664K,   0% used [0x00000000fdd00000, 0x00000000fdd00000, 0x00000000fdea0000)
 concurrent mark-sweep generation total 34176K, used 10014K [0x00000000fdea0000, 0x0000000100000000, 0x0000000100000000)
 Metaspace       used 27014K, capacity 27990K, committed 28156K, reserved 1073152K
  class space    used 3543K, capacity 3775K, committed 3836K, reserved 1048576K
}
Event: 36.351 GC heap before
{Heap before GC invocations=24 (full 1):
 par new generation   total 15360K, used 14714K [0x00000000fce00000, 0x00000000fdea0000, 0x00000000fdea0000)
  eden space 13696K, 100% used [0x00000000fce00000, 0x00000000fdb60000, 0x00000000fdb60000)
  from space 1664K,  61% used [0x00000000fdb60000, 0x00000000fdc5e820, 0x00000000fdd00000)
  to   space 1664K,   0% used [0x00000000fdd00000, 0x00000000fdd00000, 0x00000000fdea0000)
 concurrent mark-sweep generation total 34176K, used 10014K [0x00000000fdea0000, 0x0000000100000000, 0x0000000100000000)
 Metaspace       used 27258K, capacity 28232K, committed 28412K, reserved 1073152K
  class space    used 3584K, capacity 3810K, committed 3836K, reserved 1048576K
Event: 36.354 GC heap after
Heap after GC invocations=25 (full 1):
 par new generation   total 15360K, used 1188K [0x00000000fce00000, 0x00000000fdea0000, 0x00000000fdea0000)
  eden space 13696K,   0% used [0x00000000fce00000, 0x00000000fce00000, 0x00000000fdb60000)
  from space 1664K,  71% used [0x00000000fdd00000, 0x00000000fde29040, 0x00000000fdea0000)
  to   space 1664K,   0% used [0x00000000fdb60000, 0x00000000fdb60000, 0x00000000fdd00000)
 concurrent mark-sweep generation total 34176K, used 10595K [0x00000000fdea0000, 0x0000000100000000, 0x0000000100000000)
 Metaspace       used 27258K, capacity 28232K, committed 28412K, reserved 1073152K
  class space    used 3584K, capacity 3810K, committed 3836K, reserved 1048576K
}
Event: 37.017 GC heap before
{Heap before GC invocations=25 (full 1):
 par new generation   total 15360K, used 14884K [0x00000000fce00000, 0x00000000fdea0000, 0x00000000fdea0000)
  eden space 13696K, 100% used [0x00000000fce00000, 0x00000000fdb60000, 0x00000000fdb60000)
  from space 1664K,  71% used [0x00000000fdd00000, 0x00000000fde29040, 0x00000000fdea0000)
  to   space 1664K,   0% used [0x00000000fdb60000, 0x00000000fdb60000, 0x00000000fdd00000)
 concurrent mark-sweep generation total 34176K, used 10595K [0x00000000fdea0000, 0x0000000100000000, 0x0000000100000000)
 Metaspace       used 27398K, capacity 28358K, committed 28540K, reserved 1073152K
  class space    used 3607K, capacity 3847K, committed 3964K, reserved 1048576K
Event: 37.021 GC heap after
Heap after GC invocations=26 (full 1):
 par new generation   total 15360K, used 914K [0x00000000fce00000, 0x00000000fdea0000, 0x00000000fdea0000)
  eden space 13696K,   0% used [0x00000000fce00000, 0x00000000fce00000, 0x00000000fdb60000)
  from space 1664K,  54% used [0x00000000fdb60000, 0x00000000fdc44838, 0x00000000fdd00000)
  to   space 1664K,   0% used [0x00000000fdd00000, 0x00000000fdd00000, 0x00000000fdea0000)
 concurrent mark-sweep generation total 34176K, used 11091K [0x00000000fdea0000, 0x0000000100000000, 0x0000000100000000)
 Metaspace       used 27398K, capacity 28358K, committed 28540K, reserved 1073152K
  class space    used 3607K, capacity 3847K, committed 3964K, reserved 1048576K
}

Deoptimization events (0 events):
No events

Classes redefined (0 events):
No events

Internal exceptions (10 events):
Event: 30.581 Thread 0x000000000303b000 Exception <a 'java/lang/ClassNotFoundException': org/springframework/beans/factory/BeanClassLoaderAwareCustomizer> (0x00000000fd74b5c0) thrown at [C:\re\workspace\8-2-build-windows-amd64-cygwin\jdk8u161\10277\hotspot\src\share\vm\classfile\systemDictionar
Event: 30.582 Thread 0x000000000303b000 Exception <a 'java/lang/ClassNotFoundException': org/springframework/beans/factory/AwareCustomizer> (0x00000000fd77d678) thrown at [C:\re\workspace\8-2-build-windows-amd64-cygwin\jdk8u161\10277\hotspot\src\share\vm\classfile\systemDictionary.cpp, line 210
Event: 30.583 Thread 0x000000000303b000 Exception <a 'java/lang/ClassNotFoundException': org/springframework/context/EnvironmentAwareCustomizer> (0x00000000fd7b1f10) thrown at [C:\re\workspace\8-2-build-windows-amd64-cygwin\jdk8u161\10277\hotspot\src\share\vm\classfile\systemDictionary.cpp, lin
Event: 30.584 Thread 0x000000000303b000 Exception <a 'java/lang/ClassNotFoundException': org/springframework/beans/factory/AwareCustomizer> (0x00000000fd7e3f38) thrown at [C:\re\workspace\8-2-build-windows-amd64-cygwin\jdk8u161\10277\hotspot\src\share\vm\classfile\systemDictionary.cpp, line 210
Event: 30.595 Thread 0x000000000303b000 Exception <a 'java/lang/NoSuchMethodError': java.lang.Object.lambda$comparing$77a9974f$1(Ljava/util/function/Function;Ljava/lang/Object;Ljava/lang/Object;)I> (0x00000000fd85ef60) thrown at [C:\re\workspace\8-2-build-windows-amd64-cygwin\jdk8u161\10277\hot
Event: 33.376 Thread 0x000000001797f800 Exception <a 'java/lang/OutOfMemoryError'> (0x00000000fd8b6848) thrown at [C:\re\workspace\8-2-build-windows-amd64-cygwin\jdk8u161\10277\hotspot\src\share\vm\prims\jni.cpp, line 735]
Event: 33.376 Thread 0x000000001797f800 Exception <a 'java/lang/OutOfMemoryError'> (0x00000000fd8b6848) thrown at [C:\re\workspace\8-2-build-windows-amd64-cygwin\jdk8u161\10277\hotspot\src\share\vm\prims\jvm.cpp, line 1394]
Event: 35.277 Thread 0x000000000303b000 Exception <a 'java/lang/IncompatibleClassChangeError': Found class java.lang.Object, but interface was expected> (0x00000000fd2c2b30) thrown at [C:\re\workspace\8-2-build-windows-amd64-cygwin\jdk8u161\10277\hotspot\src\share\vm\interpreter\linkResolver.cp
Event: 36.178 Thread 0x000000000303b000 Exception <a 'java/security/PrivilegedActionException'> (0x00000000fd759f98) thrown at [C:\re\workspace\8-2-build-windows-amd64-cygwin\jdk8u161\10277\hotspot\src\share\vm\prims\jvm.cpp, line 1390]
Event: 36.178 Thread 0x000000000303b000 Exception <a 'java/security/PrivilegedActionException'> (0x00000000fd75a390) thrown at [C:\re\workspace\8-2-build-windows-amd64-cygwin\jdk8u161\10277\hotspot\src\share\vm\prims\jvm.cpp, line 1390]

Events (10 events):
Event: 37.017 Executing VM operation: GenCollectForAllocation
Event: 37.021 Executing VM operation: GenCollectForAllocation done
Event: 37.025 loading class org/springframework/cloud/stream/annotation/EnableBinding
Event: 37.025 loading class org/springframework/cloud/stream/annotation/EnableBinding done
Event: 37.026 Thread 0x000000000303b000 DEOPT PACKING pc=0x00000000034a5e09 sp=0x000000000302ddd0
Event: 37.026 Thread 0x000000000303b000 DEOPT UNPACKING pc=0x00000000032b7890 sp=0x000000000302db20 mode 1
Event: 37.026 Thread 0x000000000303b000 DEOPT PACKING pc=0x0000000003458f34 sp=0x000000000302de50
Event: 37.026 Thread 0x000000000303b000 DEOPT UNPACKING pc=0x00000000032b7890 sp=0x000000000302dc70 mode 1
Event: 37.026 Thread 0x000000000303b000 DEOPT PACKING pc=0x0000000003458e7c sp=0x000000000302dfe0
Event: 37.026 Thread 0x000000000303b000 DEOPT UNPACKING pc=0x00000000032b7890 sp=0x000000000302de00 mode 1


Dynamic libraries:
0x00007ff6eae60000 - 0x00007ff6eae97000 	D:\Program Files (x86)\Java\jdk1.8.0_161\bin\java.exe
0x00007fffc2530000 - 0x00007fffc2726000 	C:\Windows\SYSTEM32\ntdll.dll
0x00007fffc1d50000 - 0x00007fffc1e0d000 	C:\Windows\System32\KERNEL32.DLL
0x00007fffc0160000 - 0x00007fffc0429000 	C:\Windows\System32\KERNELBASE.dll
0x00007fffc1960000 - 0x00007fffc1a0c000 	C:\Windows\System32\ADVAPI32.dll
0x00007fffc2170000 - 0x00007fffc220e000 	C:\Windows\System32\msvcrt.dll
0x00007fffc2340000 - 0x00007fffc23dc000 	C:\Windows\System32\sechost.dll
0x00007fffc2040000 - 0x00007fffc216b000 	C:\Windows\System32\RPCRT4.dll
0x00007fffc17c0000 - 0x00007fffc1960000 	C:\Windows\System32\USER32.dll
0x00007fffbfd80000 - 0x00007fffbfda2000 	C:\Windows\System32\win32u.dll
0x00007fffc0fc0000 - 0x00007fffc0fea000 	C:\Windows\System32\GDI32.dll
0x00007fffbfc70000 - 0x00007fffbfd7b000 	C:\Windows\System32\gdi32full.dll
0x00007fffbff90000 - 0x00007fffc002d000 	C:\Windows\System32\msvcp_win.dll
0x00007fffc0490000 - 0x00007fffc0590000 	C:\Windows\System32\ucrtbase.dll
0x00007fffaa780000 - 0x00007fffaaa1b000 	C:\Windows\WinSxS\amd64_microsoft.windows.common-controls_6595b64144ccf1df_6.0.19041.746_none_ca02b4b61b8320a4\COMCTL32.dll
0x00007fffc24c0000 - 0x00007fffc24f0000 	C:\Windows\System32\IMM32.DLL
0x0000000053790000 - 0x0000000053862000 	D:\Program Files (x86)\Java\jdk1.8.0_161\jre\bin\msvcr100.dll
0x0000000052ef0000 - 0x000000005378f000 	D:\Program Files (x86)\Java\jdk1.8.0_161\jre\bin\server\jvm.dll
0x00007fffc0b40000 - 0x00007fffc0b48000 	C:\Windows\System32\PSAPI.DLL
0x00007fffb0a20000 - 0x00007fffb0a29000 	C:\Windows\SYSTEM32\WSOCK32.dll
0x00007fffbf8c0000 - 0x00007fffbf8ca000 	C:\Windows\SYSTEM32\VERSION.dll
0x00007fffc1740000 - 0x00007fffc17ab000 	C:\Windows\System32\WS2_32.dll
0x00007fffa7620000 - 0x00007fffa7647000 	C:\Windows\SYSTEM32\WINMM.dll
0x0000000053b60000 - 0x0000000053b6f000 	D:\Program Files (x86)\Java\jdk1.8.0_161\jre\bin\verify.dll
0x0000000053b30000 - 0x0000000053b59000 	D:\Program Files (x86)\Java\jdk1.8.0_161\jre\bin\java.dll
0x0000000052b90000 - 0x0000000052bc5000 	D:\Program Files (x86)\Java\jdk1.8.0_161\jre\bin\jdwp.dll
0x0000000053ac0000 - 0x0000000053ac8000 	D:\Program Files (x86)\Java\jdk1.8.0_161\jre\bin\npt.dll
0x0000000052b60000 - 0x0000000052b83000 	D:\Program Files (x86)\Java\jdk1.8.0_161\jre\bin\instrument.dll
0x0000000053b10000 - 0x0000000053b26000 	D:\Program Files (x86)\Java\jdk1.8.0_161\jre\bin\zip.dll
0x00007fffc0ff0000 - 0x00007fffc1733000 	C:\Windows\System32\SHELL32.dll
0x00007fffbdd20000 - 0x00007fffbe4af000 	C:\Windows\SYSTEM32\windows.storage.dll
0x00007fffc0720000 - 0x00007fffc0a76000 	C:\Windows\System32\combase.dll
0x00007fffbf590000 - 0x00007fffbf5bc000 	C:\Windows\SYSTEM32\Wldp.dll
0x00007fffc1c90000 - 0x00007fffc1d3e000 	C:\Windows\System32\SHCORE.dll
0x00007fffc06c0000 - 0x00007fffc0715000 	C:\Windows\System32\shlwapi.dll
0x00007fffbfba0000 - 0x00007fffbfbc6000 	C:\Windows\SYSTEM32\profapi.dll
0x0000000053ab0000 - 0x0000000053ab9000 	D:\Program Files (x86)\Java\jdk1.8.0_161\jre\bin\dt_socket.dll
0x00007fffbf2b0000 - 0x00007fffbf31a000 	C:\Windows\system32\mswsock.dll
0x0000000053af0000 - 0x0000000053b0a000 	D:\Program Files (x86)\Java\jdk1.8.0_161\jre\bin\net.dll
0x00007fffbf000000 - 0x00007fffbf0cb000 	C:\Windows\SYSTEM32\DNSAPI.dll
0x00007fffbefc0000 - 0x00007fffbeffb000 	C:\Windows\SYSTEM32\IPHLPAPI.DLL
0x00007fffc1d40000 - 0x00007fffc1d48000 	C:\Windows\System32\NSI.dll
0x00007fffb49a0000 - 0x00007fffb49aa000 	C:\Windows\System32\rasadhlp.dll
0x00007fffb8df0000 - 0x00007fffb8e6f000 	C:\Windows\System32\fwpuclnt.dll
0x00007fffc0030000 - 0x00007fffc0057000 	C:\Windows\System32\bcrypt.dll
0x0000000053aa0000 - 0x0000000053aad000 	D:\Program Files (x86)\Java\jdk1.8.0_161\jre\bin\management.dll
0x0000000053ad0000 - 0x0000000053ae1000 	D:\Program Files (x86)\Java\jdk1.8.0_161\jre\bin\nio.dll
0x00007fffbf8e0000 - 0x00007fffbf8f8000 	C:\Windows\SYSTEM32\CRYPTSP.dll
0x00007fffbec70000 - 0x00007fffbeca4000 	C:\Windows\system32\rsaenh.dll
0x00007fffbfb20000 - 0x00007fffbfb4e000 	C:\Windows\SYSTEM32\USERENV.dll
0x00007fffbfdb0000 - 0x00007fffbfe30000 	C:\Windows\System32\bcryptprimitives.dll
0x00007fffbf430000 - 0x00007fffbf43c000 	C:\Windows\SYSTEM32\CRYPTBASE.dll
0x00007fffb6bb0000 - 0x00007fffb6bc7000 	C:\Windows\SYSTEM32\dhcpcsvc6.DLL
0x00007fffb6a90000 - 0x00007fffb6aad000 	C:\Windows\SYSTEM32\dhcpcsvc.DLL
0x00007fff9f8f0000 - 0x00007fff9f907000 	C:\Windows\system32\napinsp.dll
0x00007fff9f8d0000 - 0x00007fff9f8eb000 	C:\Windows\system32\pnrpnsp.dll
0x00007fffa3d70000 - 0x00007fffa3d85000 	C:\Windows\system32\wshbth.dll
0x00007fffbb630000 - 0x00007fffbb64d000 	C:\Windows\system32\NLAapi.dll
0x00007fff9f8b0000 - 0x00007fff9f8c2000 	C:\Windows\System32\winrnr.dll

VM Arguments:
jvm_args: -agentlib:jdwp=transport=dt_socket,address=127.0.0.1:51603,suspend=y,server=n -Xms50m -Xmx50m -Xss256k -XX:+UseConcMarkSweepGC -XX:TieredStopAtLevel=1 -Xverify:none -Dspring.main.banner-mode=OFF -Dspring.output.ansi.enabled=always -javaagent:C:\Users\Administrator\AppData\Local\JetBrains\IntelliJIdea2020.3\captureAgent\debugger-agent.jar -Dcom.sun.management.jmxremote -Dspring.jmx.enabled=true -Dspring.liveBeansView.mbeanDomain -Dspring.application.admin.enabled=true -Dfile.encoding=UTF-8 
java_command: com.kunlun.center.RegisterApplication
java_class_path (initial): D:\Program Files (x86)\Java\jdk1.8.0_161\jre\lib\charsets.jar;D:\Program Files (x86)\Java\jdk1.8.0_161\jre\lib\deploy.jar;D:\Program Files (x86)\Java\jdk1.8.0_161\jre\lib\ext\access-bridge-64.jar;D:\Program Files (x86)\Java\jdk1.8.0_161\jre\lib\ext\cldrdata.jar;D:\Program Files (x86)\Java\jdk1.8.0_161\jre\lib\ext\dnsns.jar;D:\Program Files (x86)\Java\jdk1.8.0_161\jre\lib\ext\jaccess.jar;D:\Program Files (x86)\Java\jdk1.8.0_161\jre\lib\ext\jfxrt.jar;D:\Program Files (x86)\Java\jdk1.8.0_161\jre\lib\ext\localedata.jar;D:\Program Files (x86)\Java\jdk1.8.0_161\jre\lib\ext\nashorn.jar;D:\Program Files (x86)\Java\jdk1.8.0_161\jre\lib\ext\sunec.jar;D:\Program Files (x86)\Java\jdk1.8.0_161\jre\lib\ext\sunjce_provider.jar;D:\Program Files (x86)\Java\jdk1.8.0_161\jre\lib\ext\sunmscapi.jar;D:\Program Files (x86)\Java\jdk1.8.0_161\jre\lib\ext\sunpkcs11.jar;D:\Program Files (x86)\Java\jdk1.8.0_161\jre\lib\ext\zipfs.jar;D:\Program Files (x86)\Java\jdk1.8.0_161\jre\lib\javaws.jar;D:\Program Files (x86)\Java\jdk1.8.0_161\jre\lib\jce.jar;D:\Program Files (x86)\Java\jdk1.8.0_161\jre\lib\jfr.jar;D:\Program Files (x86)\Java\jdk1.8.0_161\jre\lib\jfxswt.jar;D:\Program Files (x86)\Java\jdk1.8.0_161\jre\lib\jsse.jar;D:\Program Files (x86)\Java\jdk1.8.0_161\jre\lib\management-agent.jar;D:\Program Files (x86)\Java\jdk1.8.0_161\jre\lib\plugin.jar;D:\Program Files (x86)\Java\jdk1.8.0_161\jre\lib\resources.jar;D:\Program Files (x86)\Java\jdk1.8.0_161\jre\lib\rt.jar;E:\相关软件\Java2EE\Codes\kunlun\kunlun-service\kunlun-register-service\target\classes;E:\相关软件\Java2EE\Codes\kunlun\kunlun-service\kunlun-common-api\target\classes;D:\Program Files (x86)\apache-maven-3.6.3\repository\org\springframework\boot\spring-boot-starter\2.1.12.RELEASE\spring-boot-starter-2.1.12.RELEASE.jar;D:\Program Files (x86)\apache-maven-3.6.3\repository\org\springframework\boot\spring-boot\2.1.12.RELEASE\spring-boot-2.1.12.RELEASE.jar;D:\Program Files (x86)\apache-maven-3.6.3\repository\ja
Launcher Type: SUN_STANDARD

Environment Variables:
PATH=C:\ProgramData\Oracle\Java\javapath;C:\Windows\system32;C:\Windows;C:\Windows\System32\Wbem;C:\Windows\System32\WindowsPowerShell\v1.0\;C:\Windows\System32\OpenSSH\;D:\Program Files (x86)\NodeJS\;D:\Tools\Git\cmd;C:\Program Files\Docker\Docker\resources\bin;C:\ProgramData\DockerDesktop\version-bin;C:\Users\Administrator\AppData\Local\Microsoft\WindowsApps;C:\Users\Administrator\AppData\Roaming\npm
USERNAME=Administrator
OS=Windows_NT
PROCESSOR_IDENTIFIER=Intel64 Family 6 Model 58 Stepping 9, GenuineIntel



---------------  S Y S T E M  ---------------

OS: Windows 10.0 , 64 bit Build 19041 (10.0.19041.662)

CPU:total 4 (initial active 4) (2 cores per cpu, 2 threads per core) family 6 model 58 stepping 9, cmov, cx8, fxsr, mmx, sse, sse2, sse3, ssse3, sse4.1, sse4.2, popcnt, avx, aes, clmul, erms, ht, tsc, tscinvbit, tscinv

Memory: 4k page, physical 8248708k(799692k free), swap 8248708k(5580k free)

vm_info: Java HotSpot(TM) 64-Bit Server VM (25.161-b12) for windows-amd64 JRE (1.8.0_161-b12), built on Dec 19 2017 17:52:25 by "java_re" with MS VC++ 10.0 (VS2010)

time: Sun Feb 07 22:18:22 2021
elapsed time: 37 seconds (0d 0h 0m 37s)

