2020-11-05 23:58:19 INFO  [main] o.s.c.c.client.ConfigServicePropertySourceLocator : Fetching config from server at : http://localhost:8010/
2020-11-05 23:58:23 INFO  [main] o.s.c.c.client.ConfigServicePropertySourceLocator : Located environment: name=application-config, profiles=[dev], label=develop, version=1318fe484fdbdbda069a9c31323c273f0127dce7, state=null
2020-11-05 23:58:23 INFO  [main] o.s.c.b.c.PropertySourceBootstrapConfiguration : Located property source: [BootstrapPropertySource {name='bootstrapProperties-configClient'}, BootstrapPropertySource {name='bootstrapProperties-https://gitee.com/xuesjie/kunlun-service.git/kunlun-common-api/src/main/resources/shared/application-config-dev.yml'}]
2020-11-05 23:58:23 INFO  [main] com.kunlun.system.SystemApplication : No active profile set, falling back to default profiles: default
2020-11-05 23:58:26 WARN  [main] org.mybatis.spring.mapper.ClassPathMapperScanner : No MyBatis mapper was found in '[mapper]' package. Please check your configuration.
2020-11-05 23:58:27 WARN  [main] o.springframework.boot.actuate.endpoint.EndpointId : Endpoint ID 'bus-env' contains invalid characters, please migrate to a valid format.
2020-11-05 23:58:28 WARN  [main] o.springframework.boot.actuate.endpoint.EndpointId : Endpoint ID 'bus-refresh' contains invalid characters, please migrate to a valid format.
2020-11-05 23:58:28 WARN  [main] o.springframework.boot.actuate.endpoint.EndpointId : Endpoint ID 'service-registry' contains invalid characters, please migrate to a valid format.
2020-11-05 23:58:28 WARN  [main] o.springframework.boot.actuate.endpoint.EndpointId : Endpoint ID 'hystrix.stream' contains invalid characters, please migrate to a valid format.
2020-11-05 23:58:29 INFO  [main] o.springframework.cloud.context.scope.GenericScope : BeanFactory id=5f96c53d-c344-3924-bf5f-0725e206a6e5
2020-11-05 23:58:29 INFO  [main] o.s.i.c.DefaultConfiguringBeanFactoryPostProcessor : No bean named 'errorChannel' has been explicitly defined. Therefore, a default PublishSubscribeChannel will be created.
2020-11-05 23:58:29 INFO  [main] o.s.i.c.DefaultConfiguringBeanFactoryPostProcessor : No bean named 'taskScheduler' has been explicitly defined. Therefore, a default ThreadPoolTaskScheduler will be created.
2020-11-05 23:58:29 INFO  [main] o.s.i.c.DefaultConfiguringBeanFactoryPostProcessor : No bean named 'integrationHeaderChannelRegistry' has been explicitly defined. Therefore, a default DefaultHeaderChannelRegistry will be created.
2020-11-05 23:58:30 INFO  [main] o.s.c.s.PostProcessorRegistrationDelegate$BeanPostProcessorChecker : Bean 'org.springframework.transaction.annotation.ProxyTransactionManagementConfiguration' of type [org.springframework.transaction.annotation.ProxyTransactionManagementConfiguration$$EnhancerBySpringCGLIB$$6c9c5b64] is not eligible for getting processed by all BeanPostProcessors (for example: not eligible for auto-proxying)
2020-11-05 23:58:30 INFO  [main] o.s.c.s.PostProcessorRegistrationDelegate$BeanPostProcessorChecker : Bean 'integrationDisposableAutoCreatedBeans' of type [org.springframework.integration.config.annotation.Disposables] is not eligible for getting processed by all BeanPostProcessors (for example: not eligible for auto-proxying)
2020-11-05 23:58:30 INFO  [main] o.s.c.s.PostProcessorRegistrationDelegate$BeanPostProcessorChecker : Bean 'org.springframework.integration.config.IntegrationManagementConfiguration' of type [org.springframework.integration.config.IntegrationManagementConfiguration$$EnhancerBySpringCGLIB$$d78e1693] is not eligible for getting processed by all BeanPostProcessors (for example: not eligible for auto-proxying)
2020-11-05 23:58:30 INFO  [main] o.s.c.s.PostProcessorRegistrationDelegate$BeanPostProcessorChecker : Bean 'org.springframework.boot.autoconfigure.integration.IntegrationAutoConfiguration$IntegrationJmxConfiguration' of type [org.springframework.boot.autoconfigure.integration.IntegrationAutoConfiguration$IntegrationJmxConfiguration$$EnhancerBySpringCGLIB$$b32021b3] is not eligible for getting processed by all BeanPostProcessors (for example: not eligible for auto-proxying)
2020-11-05 23:58:30 INFO  [main] o.s.c.s.PostProcessorRegistrationDelegate$BeanPostProcessorChecker : Bean 'org.springframework.boot.autoconfigure.jmx.JmxAutoConfiguration' of type [org.springframework.boot.autoconfigure.jmx.JmxAutoConfiguration$$EnhancerBySpringCGLIB$$ec07ca80] is not eligible for getting processed by all BeanPostProcessors (for example: not eligible for auto-proxying)
2020-11-05 23:58:30 INFO  [main] o.s.c.s.PostProcessorRegistrationDelegate$BeanPostProcessorChecker : Bean 'mbeanServer' of type [com.sun.jmx.mbeanserver.JmxMBeanServer] is not eligible for getting processed by all BeanPostProcessors (for example: not eligible for auto-proxying)
2020-11-05 23:58:32 INFO  [main] o.s.boot.web.embedded.tomcat.TomcatWebServer : Tomcat initialized with port(s): 8025 (http)
2020-11-05 23:58:32 INFO  [main] org.apache.coyote.http11.Http11NioProtocol : Initializing ProtocolHandler ["http-nio-8025"]
2020-11-05 23:58:32 INFO  [main] org.apache.catalina.core.StandardService : Starting service [Tomcat]
2020-11-05 23:58:32 INFO  [main] org.apache.catalina.core.StandardEngine : Starting Servlet engine: [Apache Tomcat/9.0.22]
2020-11-05 23:58:32 INFO  [main] o.a.c.core.ContainerBase.[Tomcat].[localhost].[/] : Initializing Spring embedded WebApplicationContext
2020-11-05 23:58:32 INFO  [main] org.springframework.web.context.ContextLoader : Root WebApplicationContext: initialization completed in 8793 ms
2020-11-05 23:58:33 WARN  [main] com.netflix.config.sources.URLConfigurationSource : No URLs will be polled as dynamic configuration sources.
2020-11-05 23:58:33 INFO  [main] com.netflix.config.sources.URLConfigurationSource : To enable URLs as dynamic configuration sources, define System property archaius.configurationSource.additionalUrls or make config.properties available on classpath.
2020-11-05 23:58:33 INFO  [main] com.netflix.config.DynamicPropertyFactory : DynamicPropertyFactory is initialized with configuration sources: com.netflix.config.ConcurrentCompositeConfiguration@4eab9aec
2020-11-05 23:58:36 INFO  [main] c.k.s.config.activiti.ActitytiDataSourceConfig : activitiDataSource 初始化...
2020-11-05 23:58:36 INFO  [main] c.kunlun.system.config.dataSource.DataSourceConfig : masterDataSource 初始化...
2020-11-05 23:58:41 INFO  [main] o.s.scheduling.concurrent.ThreadPoolTaskScheduler : Initializing ExecutorService 'taskScheduler'
2020-11-05 23:58:43 INFO  [main] o.s.b.a.endpoint.web.ServletEndpointRegistrar : Registered '/actuator/hystrix.stream' to hystrix.stream-actuator-endpoint
2020-11-05 23:58:48 INFO  [main] com.alibaba.druid.pool.DruidDataSource : {dataSource-1} inited
2020-11-05 23:58:51 INFO  [main] org.activiti.engine.impl.ProcessEngineImpl : ProcessEngine default created
2020-11-05 23:58:51 INFO  [main] org.activiti.engine.impl.jobexecutor.JobExecutor : Starting up the JobExecutor[org.activiti.engine.impl.jobexecutor.DefaultJobExecutor].
2020-11-05 23:58:51 INFO  [Thread-83] o.a.e.impl.jobexecutor.AcquireJobsRunnableImpl : JobExecutor[org.activiti.engine.impl.jobexecutor.DefaultJobExecutor] starting to acquire jobs
2020-11-05 23:58:53 INFO  [main] o.s.b.actuate.endpoint.web.EndpointLinksResolver : Exposing 26 endpoint(s) beneath base path '/actuator'
2020-11-05 23:58:55 INFO  [main] c.k.system.config.activiti.StaticResourceConfig : ===== 设置静态资源路径 =====
2020-11-05 23:58:57 INFO  [main] s.d.s.w.PropertySourcedRequestMappingHandlerMapping : Mapped URL path [/v2/api-docs] onto method [public org.springframework.http.ResponseEntity<springfox.documentation.spring.web.json.Json> springfox.documentation.swagger2.web.Swagger2Controller.getDocumentation(java.lang.String,javax.servlet.http.HttpServletRequest)]
2020-11-05 23:58:58 WARN  [main] com.netflix.config.sources.URLConfigurationSource : No URLs will be polled as dynamic configuration sources.
2020-11-05 23:58:58 INFO  [main] com.netflix.config.sources.URLConfigurationSource : To enable URLs as dynamic configuration sources, define System property archaius.configurationSource.additionalUrls or make config.properties available on classpath.
2020-11-05 23:58:59 INFO  [main] com.kunlun.common.config.Swagger2AutoConfiguration : Loading Swagger configuration ...
2020-11-05 23:59:05 INFO  [main] org.flywaydb.core.internal.license.VersionPrinter : Flyway Community Edition 5.2.4 by Boxfuse
2020-11-05 23:59:06 INFO  [main] o.flywaydb.core.internal.database.DatabaseFactory : Database: jdbc:postgresql://localhost:5432/kunlun_system (PostgreSQL 10.3)
2020-11-05 23:59:06 INFO  [main] org.flywaydb.core.internal.command.DbValidate : Successfully validated 4 migrations (execution time 00:00.436s)
2020-11-05 23:59:07 INFO  [main] org.flywaydb.core.internal.command.DbMigrate : Current version of schema "public": 1.0.0.2020050800
2020-11-05 23:59:07 WARN  [main] org.flywaydb.core.internal.command.DbMigrate : outOfOrder mode is active. Migration of schema "public" may not be reproducible.
2020-11-05 23:59:07 INFO  [main] org.flywaydb.core.internal.command.DbMigrate : Schema "public" is up to date. No migration necessary.
2020-11-05 23:59:08 INFO  [main] c.k.system.config.dataSource.DynamicDataSource : ========== 当前数据源： master ==========
2020-11-05 23:59:08 INFO  [main] c.k.system.config.dataSource.DynamicDataSource : ========== 当前数据源： master ==========
2020-11-05 23:59:29 INFO  [main] o.s.c.stream.messaging.DirectWithAttributesChannel : Channel 'application-1.springCloudBusInput' has 1 subscriber(s).
2020-11-05 23:59:31 INFO  [main] o.s.integration.monitor.IntegrationMBeanExporter : Registering MessageChannel springCloudBusInput
2020-11-05 23:59:33 INFO  [main] o.s.integration.monitor.IntegrationMBeanExporter : Registering MessageChannel nullChannel
2020-11-05 23:59:33 INFO  [main] o.s.integration.monitor.IntegrationMBeanExporter : Registering MessageChannel errorChannel
2020-11-05 23:59:34 INFO  [main] o.s.integration.monitor.IntegrationMBeanExporter : Registering MessageChannel springCloudBusOutput
2020-11-05 23:59:34 INFO  [main] o.s.integration.monitor.IntegrationMBeanExporter : Registering MessageHandler errorLogger
2020-11-05 23:59:34 INFO  [main] o.s.integration.monitor.IntegrationMBeanExporter : Registering MessageHandler org.springframework.cloud.stream.binding.StreamListenerMessageHandler@21772c6f
2020-11-05 23:59:36 INFO  [main] o.s.integration.endpoint.EventDrivenConsumer : Adding {logging-channel-adapter:_org.springframework.integration.errorLogger} as a subscriber to the 'errorChannel' channel
2020-11-05 23:59:36 INFO  [main] o.s.integration.channel.PublishSubscribeChannel : Channel 'application-1.errorChannel' has 1 subscriber(s).
2020-11-05 23:59:36 INFO  [main] o.s.integration.endpoint.EventDrivenConsumer : started _org.springframework.integration.errorLogger
2020-11-05 23:59:38 INFO  [main] o.s.c.c.client.ConfigServicePropertySourceLocator : Fetching config from server at : http://localhost:8010/
2020-11-05 23:59:44 INFO  [main] o.s.c.c.client.ConfigServicePropertySourceLocator : Located environment: name=application-config, profiles=[dev], label=develop, version=1318fe484fdbdbda069a9c31323c273f0127dce7, state=null
2020-11-05 23:59:44 INFO  [main] o.s.c.b.c.PropertySourceBootstrapConfiguration : Located property source: [BootstrapPropertySource {name='bootstrapProperties-configClient'}, BootstrapPropertySource {name='bootstrapProperties-https://gitee.com/xuesjie/kunlun-service.git/kunlun-common-api/src/main/resources/shared/application-config-dev.yml'}]
2020-11-05 23:59:47 INFO  [main] com.netflix.config.ChainedDynamicProperty : Flipping property: kunlun-basedata-service.ribbon.ActiveConnectionsLimit to use NEXT property: niws.loadbalancer.availabilityFilteringRule.activeConnectionsLimit = 2147483647
2020-11-05 23:59:47 INFO  [main] com.netflix.util.concurrent.ShutdownEnabledTimer : Shutdown hook installed for: NFLoadBalancer-PingTimer-kunlun-basedata-service
2020-11-05 23:59:47 INFO  [main] com.netflix.loadbalancer.BaseLoadBalancer : Client: kunlun-basedata-service instantiated a LoadBalancer: DynamicServerListLoadBalancer:{NFLoadBalancer:name=kunlun-basedata-service,current list of Servers=[],Load balancer stats=Zone stats: {},Server stats: []}ServerList:null
2020-11-05 23:59:47 INFO  [main] c.n.loadbalancer.DynamicServerListLoadBalancer : Using serverListUpdater PollingServerListUpdater
2020-11-05 23:59:47 INFO  [main] o.s.cloud.netflix.eureka.InstanceInfoFactory : Setting initial instance status as: STARTING
2020-11-05 23:59:47 INFO  [main] com.netflix.discovery.DiscoveryClient : Initializing Eureka in region us-east-1
2020-11-05 23:59:48 INFO  [main] c.n.discovery.provider.DiscoveryJerseyProvider : Using JSON encoding codec LegacyJacksonJson
2020-11-05 23:59:48 INFO  [main] c.n.discovery.provider.DiscoveryJerseyProvider : Using JSON decoding codec LegacyJacksonJson
2020-11-05 23:59:49 INFO  [main] c.n.discovery.provider.DiscoveryJerseyProvider : Using XML encoding codec XStreamXml
2020-11-05 23:59:49 INFO  [main] c.n.discovery.provider.DiscoveryJerseyProvider : Using XML decoding codec XStreamXml
2020-11-05 23:59:51 INFO  [main] c.n.d.shared.resolver.aws.ConfigClusterResolver : Resolving eureka endpoints via configuration
2020-11-05 23:59:52 INFO  [main] com.netflix.discovery.DiscoveryClient : Disable delta property : false
2020-11-05 23:59:52 INFO  [main] com.netflix.discovery.DiscoveryClient : Single vip registry refresh property : null
2020-11-05 23:59:52 INFO  [main] com.netflix.discovery.DiscoveryClient : Force full registry fetch : false
2020-11-05 23:59:52 INFO  [main] com.netflix.discovery.DiscoveryClient : Application is null : false
2020-11-05 23:59:52 INFO  [main] com.netflix.discovery.DiscoveryClient : Registered Applications size is zero : true
2020-11-05 23:59:52 INFO  [main] com.netflix.discovery.DiscoveryClient : Application version is -1: true
2020-11-05 23:59:52 INFO  [main] com.netflix.discovery.DiscoveryClient : Getting all instance registry info from the eureka server
2020-11-05 23:59:53 INFO  [main] com.netflix.discovery.DiscoveryClient : The response status is 200
2020-11-05 23:59:53 INFO  [main] com.netflix.discovery.DiscoveryClient : Starting heartbeat executor: renew interval is: 30
2020-11-05 23:59:53 INFO  [main] com.netflix.discovery.InstanceInfoReplicator : InstanceInfoReplicator onDemand update allowed rate per min is 4
2020-11-05 23:59:53 INFO  [main] com.netflix.discovery.DiscoveryClient : Discovery Client initialized at timestamp 1604591993611 with initial instances count: 3
2020-11-05 23:59:54 INFO  [main] com.netflix.config.ChainedDynamicProperty : Flipping property: kunlun-basedata-service.ribbon.ActiveConnectionsLimit to use NEXT property: niws.loadbalancer.availabilityFilteringRule.activeConnectionsLimit = 2147483647
2020-11-05 23:59:54 INFO  [main] c.n.loadbalancer.DynamicServerListLoadBalancer : DynamicServerListLoadBalancer for client kunlun-basedata-service initialized: DynamicServerListLoadBalancer:{NFLoadBalancer:name=kunlun-basedata-service,current list of Servers=[192.168.99.126:8020],Load balancer stats=Zone stats: {defaultzone=[Zone:defaultzone;	Instance count:1;	Active connections count: 0;	Circuit breaker tripped count: 0;	Active connections per server: 0.0;]
},Server stats: [[Server:192.168.99.126:8020;	Zone:defaultZone;	Total Requests:0;	Successive connection failure:0;	Total blackout seconds:0;	Last connection made:Thu Jan 01 08:00:00 CST 1970;	First connection made: Thu Jan 01 08:00:00 CST 1970;	Active Connections:0;	total failure count in last (1000) msecs:0;	average resp time:0.0;	90 percentile resp time:0.0;	95 percentile resp time:0.0;	min resp time:0.0;	max resp time:0.0;	stddev resp time:0.0]
]}ServerList:org.springframework.cloud.netflix.ribbon.eureka.DomainExtractingServerList@16baf1e1
2020-11-05 23:59:54 INFO  [main] o.s.a.rabbit.connection.CachingConnectionFactory : Attempting to connect to: [localhost:5672]
2020-11-05 23:59:55 INFO  [main] o.s.a.rabbit.connection.CachingConnectionFactory : Created new connection: rabbitConnectionFactory#5a23b9d1:0/SimpleConnection@407408a6 [delegate=amqp://guest@127.0.0.1:5672/, localPort= 51578]
2020-11-05 23:59:55 INFO  [main] o.s.c.stream.messaging.DirectWithAttributesChannel : Channel 'application-1.springCloudBusOutput' has 1 subscriber(s).
2020-11-05 23:59:55 INFO  [main] o.s.cloud.netflix.turbine.SpringAggregatorFactory : Could not find monitors: []
2020-11-05 23:59:57 INFO  [main] com.netflix.turbine.monitor.cluster.ClusterMonitor : Registering event handler for cluster monitor: StaticListener_For_Aggregator
2020-11-05 23:59:57 INFO  [main] com.netflix.turbine.handler.TurbineDataDispatcher : 

Just added and starting handler tuple: StaticListener_For_Aggregator
2020-11-05 23:59:57 INFO  [main] com.netflix.turbine.monitor.cluster.ClusterMonitor : All event handlers for cluster monitor: [StaticListener_For_Aggregator]
2020-11-05 23:59:57 INFO  [main] com.netflix.turbine.monitor.cluster.ClusterMonitor : Starting up the cluster monitor for default_agg
2020-11-05 23:59:57 INFO  [main] com.netflix.turbine.discovery.InstanceObservable : Starting InstanceObservable at frequency: 60000 millis
2020-11-05 23:59:57 INFO  [Timer-0] o.s.cloud.netflix.turbine.CommonsInstanceDiscovery : No apps configured, returning an empty instance list
2020-11-05 23:59:57 INFO  [Timer-0] com.netflix.turbine.discovery.InstanceObservable : Retrieved hosts from InstanceDiscovery: 0
2020-11-05 23:59:57 INFO  [Timer-0] com.netflix.turbine.discovery.InstanceObservable : Found hosts that have been previously terminated: 0
2020-11-05 23:59:57 INFO  [Timer-0] com.netflix.turbine.discovery.InstanceObservable : Hosts up:0, hosts down: 0
2020-11-05 23:59:57 INFO  [main] o.s.c.n.e.serviceregistry.EurekaServiceRegistry : Registering application KUNLUN-SYSTEM-SERVICE with eureka with status UP
2020-11-05 23:59:57 INFO  [main] com.netflix.discovery.DiscoveryClient : Saw local status change event StatusChangeEvent [timestamp=1604591997062, current=UP, previous=STARTING]
2020-11-05 23:59:57 INFO  [DiscoveryClient-InstanceInfoReplicator-0] com.netflix.discovery.DiscoveryClient : DiscoveryClient_KUNLUN-SYSTEM-SERVICE/DEEP-2020MSVMHX.lan:kunlun-system-service:8025: registering service...
2020-11-05 23:59:57 INFO  [DiscoveryClient-InstanceInfoReplicator-0] com.netflix.discovery.DiscoveryClient : DiscoveryClient_KUNLUN-SYSTEM-SERVICE/DEEP-2020MSVMHX.lan:kunlun-system-service:8025 - registration status: 204
2020-11-05 23:59:57 INFO  [main] o.s.c.s.b.r.p.RabbitExchangeQueueProvisioner : declaring queue for inbound: springCloudBus.anonymous.XnPI1x0LQnyW1lHXA4jMbQ, bound to: springCloudBus
2020-11-05 23:59:57 INFO  [main] o.s.integration.monitor.IntegrationMBeanExporter : Registering MessageChannel springCloudBus.anonymous.XnPI1x0LQnyW1lHXA4jMbQ.errors
2020-11-05 23:59:59 INFO  [main] o.s.cloud.stream.binder.BinderErrorChannel : Channel 'application-1.springCloudBus.anonymous.XnPI1x0LQnyW1lHXA4jMbQ.errors' has 1 subscriber(s).
2020-11-05 23:59:59 INFO  [main] o.s.cloud.stream.binder.BinderErrorChannel : Channel 'application-1.springCloudBus.anonymous.XnPI1x0LQnyW1lHXA4jMbQ.errors' has 2 subscriber(s).
2020-11-05 23:59:59 INFO  [main] o.s.i.amqp.inbound.AmqpInboundChannelAdapter : started inbound.springCloudBus.anonymous.XnPI1x0LQnyW1lHXA4jMbQ
2020-11-05 23:59:59 INFO  [main] s.d.s.web.plugins.DocumentationPluginsBootstrapper : Context refreshed
